# JRE version: Java(TM) SE Runtime Environment (8.0_202-b08) (build 1.8.0_202-b08)
# Java VM: Java HotSpot(TM) 64-Bit Server VM (25.202-b08 mixed mode windows-amd64 compressed oops)
Heap:
 PSYoungGen      total 187904K, used 149266K [0x000000076bd00000, 0x000000077e880000, 0x00000007c0000000)
  eden space 174592K, 77% used [0x000000076bd00000,0x00000007741ca990,0x0000000776780000)
  from space 13312K, 99% used [0x0000000776780000,0x000000077747a108,0x0000000777480000)
  to   space 15872K, 0% used [0x000000077d900000,0x000000077d900000,0x000000077e880000)
 ParOldGen       total 133632K, used 15890K [0x00000006c3600000, 0x00000006cb880000, 0x000000076bd00000)
  object space 133632K, 11% used [0x00000006c3600000,0x00000006c45849e8,0x00000006cb880000)
 Metaspace       used 55001K, capacity 57758K, committed 58024K, reserved 1099776K
  class space    used 7508K, capacity 7983K, committed 8104K, reserved 1048576K
GC Heap History (10 events):
Event: 2.097 GC heap before
{Heap before GC invocations=5 (full 1):
 PSYoungGen      total 75776K, used 65024K [0x000000076bd00000, 0x0000000775100000, 0x00000007c0000000)
  eden space 65024K, 100% used [0x000000076bd00000,0x000000076fc80000,0x000000076fc80000)
  from space 10752K, 0% used [0x000000076fc80000,0x000000076fc80000,0x0000000770700000)
  to   space 10752K, 0% used [0x0000000774680000,0x0000000774680000,0x0000000775100000)
 ParOldGen       total 92160K, used 6675K [0x00000006c3600000, 0x00000006c9000000, 0x000000076bd00000)
  object space 92160K, 7% used [0x00000006c3600000,0x00000006c3c84d18,0x00000006c9000000)
 Metaspace       used 25175K, capacity 26138K, committed 26368K, reserved 1073152K
  class space    used 3270K, capacity 3510K, committed 3584K, reserved 1048576K
Event: 2.103 GC heap after
Heap after GC invocations=5 (full 1):
 PSYoungGen      total 116224K, used 7936K [0x000000076bd00000, 0x0000000774e80000, 0x00000007c0000000)
  eden space 108032K, 0% used [0x000000076bd00000,0x000000076bd00000,0x0000000772680000)
  from space 8192K, 96% used [0x0000000774680000,0x0000000774e401e8,0x0000000774e80000)
  to   space 10752K, 0% used [0x0000000773980000,0x0000000773980000,0x0000000774400000)
 ParOldGen       total 92160K, used 6683K [0x00000006c3600000, 0x00000006c9000000, 0x000000076bd00000)
  object space 92160K, 7% used [0x00000006c3600000,0x00000006c3c86d18,0x00000006c9000000)
 Metaspace       used 25175K, capacity 26138K, committed 26368K, reserved 1073152K
  class space    used 3270K, capacity 3510K, committed 3584K, reserved 1048576K
}
Event: 3.269 GC heap before
{Heap before GC invocations=6 (full 1):
 PSYoungGen      total 116224K, used 115968K [0x000000076bd00000, 0x0000000774e80000, 0x00000007c0000000)
  eden space 108032K, 100% used [0x000000076bd00000,0x0000000772680000,0x0000000772680000)
  from space 8192K, 96% used [0x0000000774680000,0x0000000774e401e8,0x0000000774e80000)
  to   space 10752K, 0% used [0x0000000773980000,0x0000000773980000,0x0000000774400000)
 ParOldGen       total 92160K, used 6683K [0x00000006c3600000, 0x00000006c9000000, 0x000000076bd00000)
  object space 92160K, 7% used [0x00000006c3600000,0x00000006c3c86d18,0x00000006c9000000)
 Metaspace       used 32730K, capacity 34370K, committed 34560K, reserved 1079296K
  class space    used 4280K, capacity 4592K, committed 4608K, reserved 1048576K
Event: 3.276 GC heap after
Heap after GC invocations=6 (full 1):
 PSYoungGen      total 138240K, used 10744K [0x000000076bd00000, 0x0000000778200000, 0x00000007c0000000)
  eden space 127488K, 0% used [0x000000076bd00000,0x000000076bd00000,0x0000000773980000)
  from space 10752K, 99% used [0x0000000773980000,0x00000007743fe070,0x0000000774400000)
  to   space 13824K, 0% used [0x0000000777480000,0x0000000777480000,0x0000000778200000)
 ParOldGen       total 92160K, used 10091K [0x00000006c3600000, 0x00000006c9000000, 0x000000076bd00000)
  object space 92160K, 10% used [0x00000006c3600000,0x00000006c3fdae60,0x00000006c9000000)
 Metaspace       used 32730K, capacity 34370K, committed 34560K, reserved 1079296K
  class space    used 4280K, capacity 4592K, committed 4608K, reserved 1048576K
}
Event: 3.430 GC heap before
{Heap before GC invocations=7 (full 1):
 PSYoungGen      total 138240K, used 39648K [0x000000076bd00000, 0x0000000778200000, 0x00000007c0000000)
  eden space 127488K, 22% used [0x000000076bd00000,0x000000076d93a260,0x0000000773980000)
  from space 10752K, 99% used [0x0000000773980000,0x00000007743fe070,0x0000000774400000)
  to   space 13824K, 0% used [0x0000000777480000,0x0000000777480000,0x0000000778200000)
 ParOldGen       total 92160K, used 10091K [0x00000006c3600000, 0x00000006c9000000, 0x000000076bd00000)
  object space 92160K, 10% used [0x00000006c3600000,0x00000006c3fdae60,0x00000006c9000000)
 Metaspace       used 33794K, capacity 35483K, committed 35496K, reserved 1079296K
  class space    used 4433K, capacity 4763K, committed 4776K, reserved 1048576K
Event: 3.435 GC heap after
Heap after GC invocations=7 (full 1):
 PSYoungGen      total 188416K, used 8596K [0x000000076bd00000, 0x000000077a500000, 0x00000007c0000000)
  eden space 174592K, 0% used [0x000000076bd00000,0x000000076bd00000,0x0000000776780000)
  from space 13824K, 62% used [0x0000000777480000,0x0000000777ce52e8,0x0000000778200000)
  to   space 13312K, 0% used [0x0000000776780000,0x0000000776780000,0x0000000777480000)
 ParOldGen       total 92160K, used 10099K [0x00000006c3600000, 0x00000006c9000000, 0x000000076bd00000)
  object space 92160K, 10% used [0x00000006c3600000,0x00000006c3fdce60,0x00000006c9000000)
 Metaspace       used 33794K, capacity 35483K, committed 35496K, reserved 1079296K
  class space    used 4433K, capacity 4763K, committed 4776K, reserved 1048576K
}
Event: 3.435 GC heap before
{Heap before GC invocations=8 (full 2):
 PSYoungGen      total 188416K, used 8596K [0x000000076bd00000, 0x000000077a500000, 0x00000007c0000000)
  eden space 174592K, 0% used [0x000000076bd00000,0x000000076bd00000,0x0000000776780000)
  from space 13824K, 62% used [0x0000000777480000,0x0000000777ce52e8,0x0000000778200000)
  to   space 13312K, 0% used [0x0000000776780000,0x0000000776780000,0x0000000777480000)
 ParOldGen       total 92160K, used 10099K [0x00000006c3600000, 0x00000006c9000000, 0x000000076bd00000)
  object space 92160K, 10% used [0x00000006c3600000,0x00000006c3fdce60,0x00000006c9000000)
 Metaspace       used 33794K, capacity 35483K, committed 35496K, reserved 1079296K
  class space    used 4433K, capacity 4763K, committed 4776K, reserved 1048576K
Event: 3.467 GC heap after
Heap after GC invocations=8 (full 2):
 PSYoungGen      total 188416K, used 0K [0x000000076bd00000, 0x000000077a500000, 0x00000007c0000000)
  eden space 174592K, 0% used [0x000000076bd00000,0x000000076bd00000,0x0000000776780000)
  from space 13824K, 0% used [0x0000000777480000,0x0000000777480000,0x0000000778200000)
  to   space 13312K, 0% used [0x0000000776780000,0x0000000776780000,0x0000000777480000)
 ParOldGen       total 133632K, used 13402K [0x00000006c3600000, 0x00000006cb880000, 0x000000076bd00000)
  object space 133632K, 10% used [0x00000006c3600000,0x00000006c4316bb0,0x00000006cb880000)
 Metaspace       used 33794K, capacity 35483K, committed 35496K, reserved 1079296K
  class space    used 4433K, capacity 4763K, committed 4776K, reserved 1048576K
}
Event: 4.751 GC heap before
{Heap before GC invocations=9 (full 2):
 PSYoungGen      total 188416K, used 174592K [0x000000076bd00000, 0x000000077a500000, 0x00000007c0000000)
  eden space 174592K, 100% used [0x000000076bd00000,0x0000000776780000,0x0000000776780000)
  from space 13824K, 0% used [0x0000000777480000,0x0000000777480000,0x0000000778200000)
  to   space 13312K, 0% used [0x0000000776780000,0x0000000776780000,0x0000000777480000)
 ParOldGen       total 133632K, used 13402K [0x00000006c3600000, 0x00000006cb880000, 0x000000076bd00000)
  object space 133632K, 10% used [0x00000006c3600000,0x00000006c4316bb0,0x00000006cb880000)
 Metaspace       used 43836K, capacity 46033K, committed 46248K, reserved 1089536K
  class space    used 6050K, capacity 6446K, committed 6568K, reserved 1048576K
Event: 4.761 GC heap after
Heap after GC invocations=9 (full 2):
 PSYoungGen      total 187904K, used 13288K [0x000000076bd00000, 0x000000077e880000, 0x00000007c0000000)
  eden space 174592K, 0% used [0x000000076bd00000,0x000000076bd00000,0x0000000776780000)
  from space 13312K, 99% used [0x0000000776780000,0x000000077747a108,0x0000000777480000)
  to   space 15872K, 0% used [0x000000077d900000,0x000000077d900000,0x000000077e880000)
 ParOldGen       total 133632K, used 15890K [0x00000006c3600000, 0x00000006cb880000, 0x000000076bd00000)
  object space 133632K, 11% used [0x00000006c3600000,0x00000006c45849e8,0x00000006cb880000)
 Metaspace       used 43836K, capacity 46033K, committed 46248K, reserved 1089536K
  class space    used 6050K, capacity 6446K, committed 6568K, reserved 1048576K
}

