# JRE version: Java(TM) SE Runtime Environment (8.0_202-b08) (build 1.8.0_202-b08)
# Java VM: Java HotSpot(TM) 64-Bit Server VM (25.202-b08 mixed mode windows-amd64 compressed oops)
Heap:
 PSYoungGen      total 272384K, used 93429K [0x000000076bd00000, 0x0000000780c00000, 0x00000007c0000000)
  eden space 253952K, 29% used [0x000000076bd00000,0x00000007706455f8,0x000000077b500000)
  from space 18432K, 99% used [0x000000077b500000,0x000000077c6f8030,0x000000077c700000)
  to   space 23040K, 0% used [0x000000077f580000,0x000000077f580000,0x0000000780c00000)
 ParOldGen       total 208384K, used 33692K [0x00000006c3600000, 0x00000006d0180000, 0x000000076bd00000)
  object space 208384K, 16% used [0x00000006c3600000,0x00000006c56e7078,0x00000006d0180000)
 Metaspace       used 77098K, capacity 80870K, committed 81024K, reserved 1118208K
  class space    used 10616K, capacity 11266K, committed 11392K, reserved 1048576K
GC Heap History (10 events):
Event: 6.188 GC heap before
{Heap before GC invocations=8 (full 2):
 PSYoungGen      total 194560K, used 10962K [0x000000076bd00000, 0x0000000779f80000, 0x00000007c0000000)
  eden space 182784K, 0% used [0x000000076bd00000,0x000000076bd00000,0x0000000776f80000)
  from space 11776K, 93% used [0x0000000777c00000,0x00000007786b4920,0x0000000778780000)
  to   space 12800K, 0% used [0x0000000776f80000,0x0000000776f80000,0x0000000777c00000)
 ParOldGen       total 88064K, used 6018K [0x00000006c3600000, 0x00000006c8c00000, 0x000000076bd00000)
  object space 88064K, 6% used [0x00000006c3600000,0x00000006c3be08c8,0x00000006c8c00000)
 Metaspace       used 33519K, capacity 35346K, committed 35456K, reserved 1079296K
  class space    used 4555K, capacity 4904K, committed 4992K, reserved 1048576K
Event: 6.310 GC heap after
Heap after GC invocations=8 (full 2):
 PSYoungGen      total 194560K, used 0K [0x000000076bd00000, 0x0000000779f80000, 0x00000007c0000000)
  eden space 182784K, 0% used [0x000000076bd00000,0x000000076bd00000,0x0000000776f80000)
  from space 11776K, 0% used [0x0000000777c00000,0x0000000777c00000,0x0000000778780000)
  to   space 12800K, 0% used [0x0000000776f80000,0x0000000776f80000,0x0000000777c00000)
 ParOldGen       total 142336K, used 15413K [0x00000006c3600000, 0x00000006cc100000, 0x000000076bd00000)
  object space 142336K, 10% used [0x00000006c3600000,0x00000006c450d740,0x00000006cc100000)
 Metaspace       used 33519K, capacity 35346K, committed 35456K, reserved 1079296K
  class space    used 4555K, capacity 4904K, committed 4992K, reserved 1048576K
}
Event: 9.699 GC heap before
{Heap before GC invocations=9 (full 2):
 PSYoungGen      total 194560K, used 182784K [0x000000076bd00000, 0x0000000779f80000, 0x00000007c0000000)
  eden space 182784K, 100% used [0x000000076bd00000,0x0000000776f80000,0x0000000776f80000)
  from space 11776K, 0% used [0x0000000777c00000,0x0000000777c00000,0x0000000778780000)
  to   space 12800K, 0% used [0x0000000776f80000,0x0000000776f80000,0x0000000777c00000)
 ParOldGen       total 142336K, used 15413K [0x00000006c3600000, 0x00000006cc100000, 0x000000076bd00000)
  object space 142336K, 10% used [0x00000006c3600000,0x00000006c450d740,0x00000006cc100000)
 Metaspace       used 45816K, capacity 47874K, committed 48128K, reserved 1091584K
  class space    used 6189K, capacity 6558K, committed 6656K, reserved 1048576K
Event: 9.714 GC heap after
Heap after GC invocations=9 (full 2):
 PSYoungGen      total 195584K, used 12798K [0x000000076bd00000, 0x000000077d600000, 0x00000007c0000000)
  eden space 182784K, 0% used [0x000000076bd00000,0x000000076bd00000,0x0000000776f80000)
  from space 12800K, 99% used [0x0000000776f80000,0x0000000777bff888,0x0000000777c00000)
  to   space 15360K, 0% used [0x000000077c700000,0x000000077c700000,0x000000077d600000)
 ParOldGen       total 142336K, used 17306K [0x00000006c3600000, 0x00000006cc100000, 0x000000076bd00000)
  object space 142336K, 12% used [0x00000006c3600000,0x00000006c46e6b68,0x00000006cc100000)
 Metaspace       used 45816K, capacity 47874K, committed 48128K, reserved 1091584K
  class space    used 6189K, capacity 6558K, committed 6656K, reserved 1048576K
}
Event: 11.710 GC heap before
{Heap before GC invocations=10 (full 2):
 PSYoungGen      total 195584K, used 138352K [0x000000076bd00000, 0x000000077d600000, 0x00000007c0000000)
  eden space 182784K, 68% used [0x000000076bd00000,0x000000077379c788,0x0000000776f80000)
  from space 12800K, 99% used [0x0000000776f80000,0x0000000777bff888,0x0000000777c00000)
  to   space 15360K, 0% used [0x000000077c700000,0x000000077c700000,0x000000077d600000)
 ParOldGen       total 142336K, used 17306K [0x00000006c3600000, 0x00000006cc100000, 0x000000076bd00000)
  object space 142336K, 12% used [0x00000006c3600000,0x00000006c46e6b68,0x00000006cc100000)
 Metaspace       used 56281K, capacity 58992K, committed 59096K, reserved 1099776K
  class space    used 7782K, capacity 8251K, committed 8320K, reserved 1048576K
Event: 11.736 GC heap after
Heap after GC invocations=10 (full 2):
 PSYoungGen      total 269312K, used 15357K [0x000000076bd00000, 0x000000077da80000, 0x00000007c0000000)
  eden space 253952K, 0% used [0x000000076bd00000,0x000000076bd00000,0x000000077b500000)
  from space 15360K, 99% used [0x000000077c700000,0x000000077d5ff638,0x000000077d600000)
  to   space 18432K, 0% used [0x000000077b500000,0x000000077b500000,0x000000077c700000)
 ParOldGen       total 142336K, used 19218K [0x00000006c3600000, 0x00000006cc100000, 0x000000076bd00000)
  object space 142336K, 13% used [0x00000006c3600000,0x00000006c48c48d0,0x00000006cc100000)
 Metaspace       used 56281K, capacity 58992K, committed 59096K, reserved 1099776K
  class space    used 7782K, capacity 8251K, committed 8320K, reserved 1048576K
}
Event: 11.736 GC heap before
{Heap before GC invocations=11 (full 3):
 PSYoungGen      total 269312K, used 15357K [0x000000076bd00000, 0x000000077da80000, 0x00000007c0000000)
  eden space 253952K, 0% used [0x000000076bd00000,0x000000076bd00000,0x000000077b500000)
  from space 15360K, 99% used [0x000000077c700000,0x000000077d5ff638,0x000000077d600000)
  to   space 18432K, 0% used [0x000000077b500000,0x000000077b500000,0x000000077c700000)
 ParOldGen       total 142336K, used 19218K [0x00000006c3600000, 0x00000006cc100000, 0x000000076bd00000)
  object space 142336K, 13% used [0x00000006c3600000,0x00000006c48c48d0,0x00000006cc100000)
 Metaspace       used 56281K, capacity 58992K, committed 59096K, reserved 1099776K
  class space    used 7782K, capacity 8251K, committed 8320K, reserved 1048576K
Event: 12.003 GC heap after
Heap after GC invocations=11 (full 3):
 PSYoungGen      total 269312K, used 0K [0x000000076bd00000, 0x000000077da80000, 0x00000007c0000000)
  eden space 253952K, 0% used [0x000000076bd00000,0x000000076bd00000,0x000000077b500000)
  from space 15360K, 0% used [0x000000077c700000,0x000000077c700000,0x000000077d600000)
  to   space 18432K, 0% used [0x000000077b500000,0x000000077b500000,0x000000077c700000)
 ParOldGen       total 208384K, used 28253K [0x00000006c3600000, 0x00000006d0180000, 0x000000076bd00000)
  object space 208384K, 13% used [0x00000006c3600000,0x00000006c5197668,0x00000006d0180000)
 Metaspace       used 56281K, capacity 58992K, committed 59096K, reserved 1099776K
  class space    used 7782K, capacity 8251K, committed 8320K, reserved 1048576K
}
Event: 17.416 GC heap before
{Heap before GC invocations=12 (full 3):
 PSYoungGen      total 269312K, used 253952K [0x000000076bd00000, 0x000000077da80000, 0x00000007c0000000)
  eden space 253952K, 100% used [0x000000076bd00000,0x000000077b500000,0x000000077b500000)
  from space 15360K, 0% used [0x000000077c700000,0x000000077c700000,0x000000077d600000)
  to   space 18432K, 0% used [0x000000077b500000,0x000000077b500000,0x000000077c700000)
 ParOldGen       total 208384K, used 28253K [0x00000006c3600000, 0x00000006d0180000, 0x000000076bd00000)
  object space 208384K, 13% used [0x00000006c3600000,0x00000006c5197668,0x00000006d0180000)
 Metaspace       used 72704K, capacity 76328K, committed 76544K, reserved 1116160K
  class space    used 10029K, capacity 10645K, committed 10752K, reserved 1048576K
Event: 17.439 GC heap after
Heap after GC invocations=12 (full 3):
 PSYoungGen      total 272384K, used 18400K [0x000000076bd00000, 0x0000000780c00000, 0x00000007c0000000)
  eden space 253952K, 0% used [0x000000076bd00000,0x000000076bd00000,0x000000077b500000)
  from space 18432K, 99% used [0x000000077b500000,0x000000077c6f8030,0x000000077c700000)
  to   space 23040K, 0% used [0x000000077f580000,0x000000077f580000,0x0000000780c00000)
 ParOldGen       total 208384K, used 33692K [0x00000006c3600000, 0x00000006d0180000, 0x000000076bd00000)
  object space 208384K, 16% used [0x00000006c3600000,0x00000006c56e7078,0x00000006d0180000)
 Metaspace       used 72704K, capacity 76328K, committed 76544K, reserved 1116160K
  class space    used 10029K, capacity 10645K, committed 10752K, reserved 1048576K
}

